<?xml version="1.0" encoding="UTF-8"?>
<!-- Generated by org.testng.reporters.JUnitXMLReporter -->
<testsuite ignored="1" hostname="AnkitSwat" failures="0" tests="2" name="Default test" time="1.409" errors="0" timestamp="2023-03-28T21:44:20 IST">
  <testcase classname="Day5.FileUploadAndDownload" name="fileDownload" time="0.94"/>
  <testcase classname="Day5.FileUploadAndDownload" name="singleFileUpload" time="0.439"/>
  <testcase classname="Day5.FileUploadAndDownload" name="multipleFileUpload" time="0.0">
    <ignored/>
  </testcase> <!-- multipleFileUpload -->
</testsuite> <!-- Default test -->
