<?xml version="1.0" encoding="UTF-8"?>
<!-- Generated by org.testng.reporters.JUnitXMLReporter -->
<testsuite ignored="0" hostname="AnkitSwat" failures="0" tests="4" name="Default test" time="3.814" errors="0" timestamp="2023-03-16T20:41:12 IST">
  <testcase classname="Day1.HTTPRequests" name="getUsers" time="1.721"/>
  <testcase classname="Day1.HTTPRequests" name="createUserGetId" time="0.838"/>
  <testcase classname="Day1.HTTPRequests" name="updateUser" time="0.626"/>
  <testcase classname="Day1.HTTPRequests" name="deleteUser" time="0.593"/>
</testsuite> <!-- Default test -->
