<?xml version="1.0" encoding="UTF-8"?>
<!-- Generated by org.testng.reporters.JUnitXMLReporter -->
<testsuite ignored="0" hostname="AnkitSwat" failures="0" tests="4" name="Test" time="4.896" errors="0" timestamp="2023-04-11T21:57:08 IST">
  <testcase classname="Day8.CreateUser" name="test_CreateUser" time="2.126"/>
  <testcase classname="Day8.GetUser" name="test_getUser" time="0.991"/>
  <testcase classname="Day8.UpdateUser" name="test_UpdateUser" time="0.98"/>
  <testcase classname="Day8.DeleteUser" name="test_DeleteUser" time="0.765"/>
</testsuite> <!-- Test -->
