<?xml version="1.0" encoding="UTF-8"?>
<!-- Generated by org.testng.reporters.JUnitXMLReporter -->
<testsuite ignored="0" hostname="AnkitSwat" failures="0" tests="3" name="Test_CreateGetUpdate" time="2.442" errors="0" timestamp="2023-04-11T21:48:27 IST">
  <testcase classname="Day8.CreateUser" name="test_CreateUser" time="0.746"/>
  <testcase classname="Day8.GetUser" name="test_getUser" time="0.922"/>
  <testcase classname="Day8.UpdateUser" name="test_UpdateUser" time="0.771"/>
</testsuite> <!-- Test_CreateGetUpdate -->
