<?xml version="1.0" encoding="UTF-8"?>
<testng-results ignored="2" total="3" passed="1" failed="0" skipped="0">
  <reporter-output>
  </reporter-output>
  <suite started-at="2023-03-25T22:15:27 IST" name="Default suite" finished-at="2023-03-25T22:15:28 IST" duration-ms="970">
    <groups>
    </groups>
    <test started-at="2023-03-25T22:15:27 IST" name="Default test" finished-at="2023-03-25T22:15:28 IST" duration-ms="970">
      <class name="Day4.ParsingJSONResponseData">
        <test-method signature="otherScenario()[pri:0, instance:Day4.ParsingJSONResponseData@40ef3420]" started-at="2023-03-25T22:15:27 IST" name="otherScenario" finished-at="2023-03-25T22:15:28 IST" duration-ms="940" status="PASS">
          <reporter-output>
          </reporter-output>
        </test-method> <!-- otherScenario -->
      </class> <!-- Day4.ParsingJSONResponseData -->
    </test> <!-- Default test -->
  </suite> <!-- Default suite -->
</testng-results>
